N: [pulseaudio] main.c: 2 sink(s) available.
N: [pulseaudio] main.c:     index: 0
N: [pulseaudio] main.c: 	name: <alsa_output.pci-0000_00_03.0.hdmi-stereo>
N: [pulseaudio] main.c: 	driver: <module-alsa-card.c>
N: [pulseaudio] main.c: 	flags: HARDWARE DECIBEL_VOLUME LATENCY DYNAMIC_LATENCY
N: [pulseaudio] main.c: 	state: IDLE
N: [pulseaudio] main.c: 	suspend cause: 
N: [pulseaudio] main.c: 	priority: 9950
N: [pulseaudio] main.c: 	volume: 0: 100% 1: 100%
N: [pulseaudio] main.c: 	        0: 0.00 dB 1: 0.00 dB
N: [pulseaudio] main.c: 	        balance 0.00
N: [pulseaudio] main.c: 	base volume: 100%
N: [pulseaudio] main.c: 	             0.00 dB
N: [pulseaudio] main.c: 	volume steps: 65537
N: [pulseaudio] main.c: 	muted: no
N: [pulseaudio] main.c: 	current latency: 249.64 ms
N: [pulseaudio] main.c: 	max request: 64 KiB
N: [pulseaudio] main.c: 	max rewind: 64 KiB
N: [pulseaudio] main.c: 	monitor source: 0
N: [pulseaudio] main.c: 	sample spec: s16le 2ch 44100Hz
N: [pulseaudio] main.c: 	channel map: front-left,front-right
N: [pulseaudio] main.c: 	             Stereo
N: [pulseaudio] main.c: 	used by: 0
N: [pulseaudio] main.c: 	linked by: 0
N: [pulseaudio] main.c: 	configured latency: 371.52 ms; range is 0.50 .. 371.52 ms
N: [pulseaudio] main.c: 	card: 0 <alsa_card.pci-0000_00_03.0>
N: [pulseaudio] main.c: 	module: 5
N: [pulseaudio] main.c: 	properties:
N: [pulseaudio] main.c: 		alsa.resolution_bits = "16"
N: [pulseaudio] main.c: 		device.api = "alsa"
N: [pulseaudio] main.c: 		device.class = "sound"
N: [pulseaudio] main.c: 		alsa.class = "generic"
N: [pulseaudio] main.c: 		alsa.subclass = "generic-mix"
N: [pulseaudio] main.c: 		alsa.name = "HDMI 0"
N: [pulseaudio] main.c: 		alsa.id = "HDMI 0"
N: [pulseaudio] main.c: 		alsa.subdevice = "0"
N: [pulseaudio] main.c: 		alsa.subdevice_name = "subdevice #0"
N: [pulseaudio] main.c: 		alsa.device = "3"
N: [pulseaudio] main.c: 		alsa.card = "0"
N: [pulseaudio] main.c: 		alsa.card_name = "HDA Intel HDMI"
N: [pulseaudio] main.c: 		alsa.long_card_name = "HDA Intel HDMI at 0xf7a14000 irq 47"
N: [pulseaudio] main.c: 		alsa.driver_name = "snd_hda_intel"
N: [pulseaudio] main.c: 		device.bus_path = "pci-0000:00:03.0"
N: [pulseaudio] main.c: 		sysfs.path = "/devices/pci0000:00/0000:00:03.0/sound/card0"
N: [pulseaudio] main.c: 		device.bus = "pci"
N: [pulseaudio] main.c: 		device.vendor.id = "8086"
N: [pulseaudio] main.c: 		device.vendor.name = "Intel Corporation"
N: [pulseaudio] main.c: 		device.product.id = "0a0c"
N: [pulseaudio] main.c: 		device.form_factor = "internal"
N: [pulseaudio] main.c: 		device.string = "hdmi:0"
N: [pulseaudio] main.c: 		device.buffering.buffer_size = "65536"
N: [pulseaudio] main.c: 		device.buffering.fragment_size = "32768"
N: [pulseaudio] main.c: 		device.access_mode = "mmap+timer"
N: [pulseaudio] main.c: 		device.profile.name = "hdmi-stereo"
N: [pulseaudio] main.c: 		device.profile.description = "Digital Stereo (HDMI)"
N: [pulseaudio] main.c: 		device.description = "Built-in Audio Digital Stereo (HDMI)"
N: [pulseaudio] main.c: 		alsa.mixer_name = "Intel Haswell HDMI"
N: [pulseaudio] main.c: 		alsa.components = "HDA:80862807,80860101,00100000"
N: [pulseaudio] main.c: 		module-udev-detect.discovered = "1"
N: [pulseaudio] main.c: 		device.icon_name = "audio-card-pci"
N: [pulseaudio] main.c: 	ports:
N: [pulseaudio] main.c: 		hdmi-output-0: HDMI / DisplayPort (priority 5900, latency offset 0 usec, available: yes)
N: [pulseaudio] main.c: 			properties:
N: [pulseaudio] main.c: 				device.icon_name = "video-display"
N: [pulseaudio] main.c: 	active port: <hdmi-output-0>
N: [pulseaudio] main.c:   * index: 1
N: [pulseaudio] main.c: 	name: <alsa_output.pci-0000_00_1b.0.analog-stereo>
N: [pulseaudio] main.c: 	driver: <module-alsa-card.c>
N: [pulseaudio] main.c: 	flags: HARDWARE HW_MUTE_CTRL HW_VOLUME_CTRL DECIBEL_VOLUME LATENCY DYNAMIC_LATENCY
N: [pulseaudio] main.c: 	state: IDLE
N: [pulseaudio] main.c: 	suspend cause: 
N: [pulseaudio] main.c: 	priority: 9959
N: [pulseaudio] main.c: 	volume: 0: 100% 1: 100%
N: [pulseaudio] main.c: 	        0: 0.00 dB 1: 0.00 dB
N: [pulseaudio] main.c: 	        balance 0.00
N: [pulseaudio] main.c: 	base volume: 100%
N: [pulseaudio] main.c: 	             0.00 dB
N: [pulseaudio] main.c: 	volume steps: 65537
N: [pulseaudio] main.c: 	muted: no
N: [pulseaudio] main.c: 	current latency: 370.96 ms
N: [pulseaudio] main.c: 	max request: 64 KiB
N: [pulseaudio] main.c: 	max rewind: 64 KiB
N: [pulseaudio] main.c: 	monitor source: 1
N: [pulseaudio] main.c: 	sample spec: s16le 2ch 44100Hz
N: [pulseaudio] main.c: 	channel map: front-left,front-right
N: [pulseaudio] main.c: 	             Stereo
N: [pulseaudio] main.c: 	used by: 0
N: [pulseaudio] main.c: 	linked by: 0
N: [pulseaudio] main.c: 	configured latency: 371.52 ms; range is 0.50 .. 371.52 ms
N: [pulseaudio] main.c: 	card: 1 <alsa_card.pci-0000_00_1b.0>
N: [pulseaudio] main.c: 	module: 6
N: [pulseaudio] main.c: 	properties:
N: [pulseaudio] main.c: 		alsa.resolution_bits = "16"
N: [pulseaudio] main.c: 		device.api = "alsa"
N: [pulseaudio] main.c: 		device.class = "sound"
N: [pulseaudio] main.c: 		alsa.class = "generic"
N: [pulseaudio] main.c: 		alsa.subclass = "generic-mix"
N: [pulseaudio] main.c: 		alsa.name = "ALC3234 Analog"
N: [pulseaudio] main.c: 		alsa.id = "ALC3234 Analog"
N: [pulseaudio] main.c: 		alsa.subdevice = "0"
N: [pulseaudio] main.c: 		alsa.subdevice_name = "subdevice #0"
N: [pulseaudio] main.c: 		alsa.device = "0"
N: [pulseaudio] main.c: 		alsa.card = "1"
N: [pulseaudio] main.c: 		alsa.card_name = "HDA Intel PCH"
N: [pulseaudio] main.c: 		alsa.long_card_name = "HDA Intel PCH at 0xf7a10000 irq 46"
N: [pulseaudio] main.c: 		alsa.driver_name = "snd_hda_intel"
N: [pulseaudio] main.c: 		device.bus_path = "pci-0000:00:1b.0"
N: [pulseaudio] main.c: 		sysfs.path = "/devices/pci0000:00/0000:00:1b.0/sound/card1"
N: [pulseaudio] main.c: 		device.bus = "pci"
N: [pulseaudio] main.c: 		device.vendor.id = "8086"
N: [pulseaudio] main.c: 		device.vendor.name = "Intel Corporation"
N: [pulseaudio] main.c: 		device.product.id = "9c20"
N: [pulseaudio] main.c: 		device.product.name = "Lynx Point-LP HD Audio Controller"
N: [pulseaudio] main.c: 		device.form_factor = "internal"
N: [pulseaudio] main.c: 		device.string = "front:1"
N: [pulseaudio] main.c: 		device.buffering.buffer_size = "65536"
N: [pulseaudio] main.c: 		device.buffering.fragment_size = "32768"
N: [pulseaudio] main.c: 		device.access_mode = "mmap+timer"
N: [pulseaudio] main.c: 		device.profile.name = "analog-stereo"
N: [pulseaudio] main.c: 		device.profile.description = "Analog Stereo"
N: [pulseaudio] main.c: 		device.description = "Built-in Audio Analog Stereo"
N: [pulseaudio] main.c: 		alsa.mixer_name = "Realtek ALC3234"
N: [pulseaudio] main.c: 		alsa.components = "HDA:10ec0255,10280652,00100002"
N: [pulseaudio] main.c: 		module-udev-detect.discovered = "1"
N: [pulseaudio] main.c: 		device.icon_name = "audio-card-pci"
N: [pulseaudio] main.c: 	ports:
N: [pulseaudio] main.c: 		analog-output-speaker: Speakers (priority 10000, latency offset 0 usec, available: unknown)
N: [pulseaudio] main.c: 			properties:
N: [pulseaudio] main.c: 				device.icon_name = "audio-speakers"
N: [pulseaudio] main.c: 		analog-output-headphones: Headphones (priority 9000, latency offset 0 usec, available: no)
N: [pulseaudio] main.c: 			properties:
N: [pulseaudio] main.c: 				device.icon_name = "audio-headphones"
N: [pulseaudio] main.c: 	active port: <analog-output-speaker>
N: [pulseaudio] main.c: 3 source(s) available.
N: [pulseaudio] main.c:     index: 0
N: [pulseaudio] main.c: 	name: <alsa_output.pci-0000_00_03.0.hdmi-stereo.monitor>
N: [pulseaudio] main.c: 	driver: <module-alsa-card.c>
N: [pulseaudio] main.c: 	flags: DECIBEL_VOLUME LATENCY DYNAMIC_LATENCY
N: [pulseaudio] main.c: 	state: IDLE
N: [pulseaudio] main.c: 	suspend cause: 
N: [pulseaudio] main.c: 	priority: 1950
N: [pulseaudio] main.c: 	volume: 0: 100% 1: 100%
N: [pulseaudio] main.c: 	        0: 0.00 dB 1: 0.00 dB
N: [pulseaudio] main.c: 	        balance 0.00
N: [pulseaudio] main.c: 	base volume: 100%
N: [pulseaudio] main.c: 	             0.00 dB
N: [pulseaudio] main.c: 	volume steps: 65537
N: [pulseaudio] main.c: 	muted: no
N: [pulseaudio] main.c: 	current latency: 0.00 ms
N: [pulseaudio] main.c: 	max rewind: 64 KiB
N: [pulseaudio] main.c: 	sample spec: s16le 2ch 44100Hz
N: [pulseaudio] main.c: 	channel map: front-left,front-right
N: [pulseaudio] main.c: 	             Stereo
N: [pulseaudio] main.c: 	used by: 0
N: [pulseaudio] main.c: 	linked by: 0
N: [pulseaudio] main.c: 	configured latency: 371.52 ms; range is 0.50 .. 371.52 ms
N: [pulseaudio] main.c: 	monitor_of: 0
N: [pulseaudio] main.c: 	card: 0 <alsa_card.pci-0000_00_03.0>
N: [pulseaudio] main.c: 	module: 5
N: [pulseaudio] main.c: 	properties:
N: [pulseaudio] main.c: 		device.description = "Monitor of Built-in Audio Digital Stereo (HDMI)"
N: [pulseaudio] main.c: 		device.class = "monitor"
N: [pulseaudio] main.c: 		alsa.card = "0"
N: [pulseaudio] main.c: 		alsa.card_name = "HDA Intel HDMI"
N: [pulseaudio] main.c: 		alsa.long_card_name = "HDA Intel HDMI at 0xf7a14000 irq 47"
N: [pulseaudio] main.c: 		alsa.driver_name = "snd_hda_intel"
N: [pulseaudio] main.c: 		device.bus_path = "pci-0000:00:03.0"
N: [pulseaudio] main.c: 		sysfs.path = "/devices/pci0000:00/0000:00:03.0/sound/card0"
N: [pulseaudio] main.c: 		device.bus = "pci"
N: [pulseaudio] main.c: 		device.vendor.id = "8086"
N: [pulseaudio] main.c: 		device.vendor.name = "Intel Corporation"
N: [pulseaudio] main.c: 		device.product.id = "0a0c"
N: [pulseaudio] main.c: 		device.form_factor = "internal"
N: [pulseaudio] main.c: 		device.string = "0"
N: [pulseaudio] main.c: 		module-udev-detect.discovered = "1"
N: [pulseaudio] main.c: 		device.icon_name = "audio-card-pci"
N: [pulseaudio] main.c:     index: 1
N: [pulseaudio] main.c: 	name: <alsa_output.pci-0000_00_1b.0.analog-stereo.monitor>
N: [pulseaudio] main.c: 	driver: <module-alsa-card.c>
N: [pulseaudio] main.c: 	flags: DECIBEL_VOLUME LATENCY DYNAMIC_LATENCY
N: [pulseaudio] main.c: 	state: IDLE
N: [pulseaudio] main.c: 	suspend cause: 
N: [pulseaudio] main.c: 	priority: 1950
N: [pulseaudio] main.c: 	volume: 0: 100% 1: 100%
N: [pulseaudio] main.c: 	        0: 0.00 dB 1: 0.00 dB
N: [pulseaudio] main.c: 	        balance 0.00
N: [pulseaudio] main.c: 	base volume: 100%
N: [pulseaudio] main.c: 	             0.00 dB
N: [pulseaudio] main.c: 	volume steps: 65537
N: [pulseaudio] main.c: 	muted: no
N: [pulseaudio] main.c: 	current latency: 0.00 ms
N: [pulseaudio] main.c: 	max rewind: 64 KiB
N: [pulseaudio] main.c: 	sample spec: s16le 2ch 44100Hz
N: [pulseaudio] main.c: 	channel map: front-left,front-right
N: [pulseaudio] main.c: 	             Stereo
N: [pulseaudio] main.c: 	used by: 0
N: [pulseaudio] main.c: 	linked by: 0
N: [pulseaudio] main.c: 	configured latency: 371.52 ms; range is 0.50 .. 371.52 ms
N: [pulseaudio] main.c: 	monitor_of: 1
N: [pulseaudio] main.c: 	card: 1 <alsa_card.pci-0000_00_1b.0>
N: [pulseaudio] main.c: 	module: 6
N: [pulseaudio] main.c: 	properties:
N: [pulseaudio] main.c: 		device.description = "Monitor of Built-in Audio Analog Stereo"
N: [pulseaudio] main.c: 		device.class = "monitor"
N: [pulseaudio] main.c: 		alsa.card = "1"
N: [pulseaudio] main.c: 		alsa.card_name = "HDA Intel PCH"
N: [pulseaudio] main.c: 		alsa.long_card_name = "HDA Intel PCH at 0xf7a10000 irq 46"
N: [pulseaudio] main.c: 		alsa.driver_name = "snd_hda_intel"
N: [pulseaudio] main.c: 		device.bus_path = "pci-0000:00:1b.0"
N: [pulseaudio] main.c: 		sysfs.path = "/devices/pci0000:00/0000:00:1b.0/sound/card1"
N: [pulseaudio] main.c: 		device.bus = "pci"
N: [pulseaudio] main.c: 		device.vendor.id = "8086"
N: [pulseaudio] main.c: 		device.vendor.name = "Intel Corporation"
N: [pulseaudio] main.c: 		device.product.id = "9c20"
N: [pulseaudio] main.c: 		device.product.name = "Lynx Point-LP HD Audio Controller"
N: [pulseaudio] main.c: 		device.form_factor = "internal"
N: [pulseaudio] main.c: 		device.string = "1"
N: [pulseaudio] main.c: 		module-udev-detect.discovered = "1"
N: [pulseaudio] main.c: 		device.icon_name = "audio-card-pci"
N: [pulseaudio] main.c:   * index: 2
N: [pulseaudio] main.c: 	name: <alsa_input.pci-0000_00_1b.0.analog-stereo>
N: [pulseaudio] main.c: 	driver: <module-alsa-card.c>
N: [pulseaudio] main.c: 	flags: HARDWARE HW_MUTE_CTRL HW_VOLUME_CTRL DECIBEL_VOLUME LATENCY DYNAMIC_LATENCY
N: [pulseaudio] main.c: 	state: IDLE
N: [pulseaudio] main.c: 	suspend cause: 
N: [pulseaudio] main.c: 	priority: 9959
N: [pulseaudio] main.c: 	volume: 0: 100% 1: 100%
N: [pulseaudio] main.c: 	        0: 0.00 dB 1: 0.00 dB
N: [pulseaudio] main.c: 	        balance 0.00
N: [pulseaudio] main.c: 	base volume:  10%
N: [pulseaudio] main.c: 	             -60.00 dB
N: [pulseaudio] main.c: 	volume steps: 65537
N: [pulseaudio] main.c: 	muted: yes
N: [pulseaudio] main.c: 	current latency: 0.00 ms
N: [pulseaudio] main.c: 	max rewind: 0 KiB
N: [pulseaudio] main.c: 	sample spec: s16le 2ch 44100Hz
N: [pulseaudio] main.c: 	channel map: front-left,front-right
N: [pulseaudio] main.c: 	             Stereo
N: [pulseaudio] main.c: 	used by: 0
N: [pulseaudio] main.c: 	linked by: 0
N: [pulseaudio] main.c: 	configured latency: 371.52 ms; range is 0.50 .. 371.52 ms
N: [pulseaudio] main.c: 	card: 1 <alsa_card.pci-0000_00_1b.0>
N: [pulseaudio] main.c: 	module: 6
N: [pulseaudio] main.c: 	properties:
N: [pulseaudio] main.c: 		alsa.resolution_bits = "16"
N: [pulseaudio] main.c: 		device.api = "alsa"
N: [pulseaudio] main.c: 		device.class = "sound"
N: [pulseaudio] main.c: 		alsa.class = "generic"
N: [pulseaudio] main.c: 		alsa.subclass = "generic-mix"
N: [pulseaudio] main.c: 		alsa.name = "ALC3234 Analog"
N: [pulseaudio] main.c: 		alsa.id = "ALC3234 Analog"
N: [pulseaudio] main.c: 		alsa.subdevice = "0"
N: [pulseaudio] main.c: 		alsa.subdevice_name = "subdevice #0"
N: [pulseaudio] main.c: 		alsa.device = "0"
N: [pulseaudio] main.c: 		alsa.card = "1"
N: [pulseaudio] main.c: 		alsa.card_name = "HDA Intel PCH"
N: [pulseaudio] main.c: 		alsa.long_card_name = "HDA Intel PCH at 0xf7a10000 irq 46"
N: [pulseaudio] main.c: 		alsa.driver_name = "snd_hda_intel"
N: [pulseaudio] main.c: 		device.bus_path = "pci-0000:00:1b.0"
N: [pulseaudio] main.c: 		sysfs.path = "/devices/pci0000:00/0000:00:1b.0/sound/card1"
N: [pulseaudio] main.c: 		device.bus = "pci"
N: [pulseaudio] main.c: 		device.vendor.id = "8086"
N: [pulseaudio] main.c: 		device.vendor.name = "Intel Corporation"
N: [pulseaudio] main.c: 		device.product.id = "9c20"
N: [pulseaudio] main.c: 		device.product.name = "Lynx Point-LP HD Audio Controller"
N: [pulseaudio] main.c: 		device.form_factor = "internal"
N: [pulseaudio] main.c: 		device.string = "front:1"
N: [pulseaudio] main.c: 		device.buffering.buffer_size = "65536"
N: [pulseaudio] main.c: 		device.buffering.fragment_size = "32768"
N: [pulseaudio] main.c: 		device.access_mode = "mmap+timer"
N: [pulseaudio] main.c: 		device.profile.name = "analog-stereo"
N: [pulseaudio] main.c: 		device.profile.description = "Analog Stereo"
N: [pulseaudio] main.c: 		device.description = "Built-in Audio Analog Stereo"
N: [pulseaudio] main.c: 		alsa.mixer_name = "Realtek ALC3234"
N: [pulseaudio] main.c: 		alsa.components = "HDA:10ec0255,10280652,00100002"
N: [pulseaudio] main.c: 		module-udev-detect.discovered = "1"
N: [pulseaudio] main.c: 		device.icon_name = "audio-card-pci"
N: [pulseaudio] main.c: 	ports:
N: [pulseaudio] main.c: 		analog-input-microphone-internal: Internal Microphone (priority 8900, latency offset 0 usec, available: unknown)
N: [pulseaudio] main.c: 			properties:
N: [pulseaudio] main.c: 				device.icon_name = "audio-input-microphone"
N: [pulseaudio] main.c: 		analog-input-microphone: Microphone (priority 8700, latency offset 0 usec, available: no)
N: [pulseaudio] main.c: 			properties:
N: [pulseaudio] main.c: 				device.icon_name = "audio-input-microphone"
N: [pulseaudio] main.c: 		analog-input-microphone-headset: Headset Microphone (priority 8700, latency offset 0 usec, available: no)
N: [pulseaudio] main.c: 			properties:
N: [pulseaudio] main.c: 				device.icon_name = "audio-input-microphone"
N: [pulseaudio] main.c: 	active port: <analog-input-microphone-internal>
N: [pulseaudio] main.c: 0 sink input(s) available.
N: [pulseaudio] main.c: 0 source outputs(s) available.
N: [pulseaudio] main.c: 2 client(s) logged in.
N: [pulseaudio] main.c:     index: 0
N: [pulseaudio] main.c: 	driver: <module-systemd-login.c>
N: [pulseaudio] main.c: 	owner module: 16
N: [pulseaudio] main.c: 	properties:
N: [pulseaudio] main.c: 		application.name = "Login Session c1"
N: [pulseaudio] main.c: 		systemd-login.session = "c1"
N: [pulseaudio] main.c:     index: 1
N: [pulseaudio] main.c: 	driver: <protocol-native.c>
N: [pulseaudio] main.c: 	owner module: 20
N: [pulseaudio] main.c: 	properties:
N: [pulseaudio] main.c: 		application.name = "Ubuntu Audio Settings"
N: [pulseaudio] main.c: 		native-protocol.peer = "TCP/IP client from 127.0.0.1:42977"
N: [pulseaudio] main.c: 		native-protocol.version = "28"
N: [pulseaudio] main.c: 		application.id = "com.canonical.settings.sound"
N: [pulseaudio] main.c: 		application.icon_name = "multimedia-volume-control"
N: [pulseaudio] main.c: 		application.version = "0.1"
N: [pulseaudio] main.c: 		application.process.id = "2388"
N: [pulseaudio] main.c: 		application.process.user = "shivesh"
N: [pulseaudio] main.c: 		application.process.host = "shivesh-Inspiron-3542"
N: [pulseaudio] main.c: 		application.process.binary = "indicator-sound-service"
N: [pulseaudio] main.c: 		application.language = "en_IN"
N: [pulseaudio] main.c: 		window.x11.display = ":0"
N: [pulseaudio] main.c: 		application.process.machine_id = "dde57f7ce03e9d55fa1267e957888e8c"
N: [pulseaudio] main.c: 		application.process.session_id = "c1"
N: [pulseaudio] main.c: 2 card(s) available.
N: [pulseaudio] main.c:     index: 0
N: [pulseaudio] main.c: 	name: <alsa_card.pci-0000_00_03.0>
N: [pulseaudio] main.c: 	driver: <module-alsa-card.c>
N: [pulseaudio] main.c: 	owner module: 5
N: [pulseaudio] main.c: 	properties:
N: [pulseaudio] main.c: 		alsa.card = "0"
N: [pulseaudio] main.c: 		alsa.card_name = "HDA Intel HDMI"
N: [pulseaudio] main.c: 		alsa.long_card_name = "HDA Intel HDMI at 0xf7a14000 irq 47"
N: [pulseaudio] main.c: 		alsa.driver_name = "snd_hda_intel"
N: [pulseaudio] main.c: 		device.bus_path = "pci-0000:00:03.0"
N: [pulseaudio] main.c: 		sysfs.path = "/devices/pci0000:00/0000:00:03.0/sound/card0"
N: [pulseaudio] main.c: 		device.bus = "pci"
N: [pulseaudio] main.c: 		device.vendor.id = "8086"
N: [pulseaudio] main.c: 		device.vendor.name = "Intel Corporation"
N: [pulseaudio] main.c: 		device.product.id = "0a0c"
N: [pulseaudio] main.c: 		device.form_factor = "internal"
N: [pulseaudio] main.c: 		device.string = "0"
N: [pulseaudio] main.c: 		device.description = "Built-in Audio"
N: [pulseaudio] main.c: 		module-udev-detect.discovered = "1"
N: [pulseaudio] main.c: 		device.icon_name = "audio-card-pci"
N: [pulseaudio] main.c: 	profiles:
N: [pulseaudio] main.c: 		output:hdmi-stereo: Digital Stereo (HDMI) Output (priority 5400, available: unknown)
N: [pulseaudio] main.c: 		output:hdmi-surround: Digital Surround 5.1 (HDMI) Output (priority 300, available: unknown)
N: [pulseaudio] main.c: 		off: Off (priority 0, available: unknown)
N: [pulseaudio] main.c: 	active profile: <output:hdmi-stereo>
N: [pulseaudio] main.c: 	sinks:
N: [pulseaudio] main.c: 		alsa_output.pci-0000_00_03.0.hdmi-stereo/#0: Built-in Audio Digital Stereo (HDMI)
N: [pulseaudio] main.c: 	sources:
N: [pulseaudio] main.c: 		alsa_output.pci-0000_00_03.0.hdmi-stereo.monitor/#0: Monitor of Built-in Audio Digital Stereo (HDMI)
N: [pulseaudio] main.c: 	ports:
N: [pulseaudio] main.c: 		hdmi-output-0: HDMI / DisplayPort (priority 5900, latency offset 0 usec, available: yes)
N: [pulseaudio] main.c: 			properties:
N: [pulseaudio] main.c: 				device.icon_name = "video-display"
N: [pulseaudio] main.c:     index: 1
N: [pulseaudio] main.c: 	name: <alsa_card.pci-0000_00_1b.0>
N: [pulseaudio] main.c: 	driver: <module-alsa-card.c>
N: [pulseaudio] main.c: 	owner module: 6
N: [pulseaudio] main.c: 	properties:
N: [pulseaudio] main.c: 		alsa.card = "1"
N: [pulseaudio] main.c: 		alsa.card_name = "HDA Intel PCH"
N: [pulseaudio] main.c: 		alsa.long_card_name = "HDA Intel PCH at 0xf7a10000 irq 46"
N: [pulseaudio] main.c: 		alsa.driver_name = "snd_hda_intel"
N: [pulseaudio] main.c: 		device.bus_path = "pci-0000:00:1b.0"
N: [pulseaudio] main.c: 		sysfs.path = "/devices/pci0000:00/0000:00:1b.0/sound/card1"
N: [pulseaudio] main.c: 		device.bus = "pci"
N: [pulseaudio] main.c: 		device.vendor.id = "8086"
N: [pulseaudio] main.c: 		device.vendor.name = "Intel Corporation"
N: [pulseaudio] main.c: 		device.product.id = "9c20"
N: [pulseaudio] main.c: 		device.product.name = "Lynx Point-LP HD Audio Controller"
N: [pulseaudio] main.c: 		device.form_factor = "internal"
N: [pulseaudio] main.c: 		device.string = "1"
N: [pulseaudio] main.c: 		device.description = "Built-in Audio"
N: [pulseaudio] main.c: 		module-udev-detect.discovered = "1"
N: [pulseaudio] main.c: 		device.icon_name = "audio-card-pci"
N: [pulseaudio] main.c: 	profiles:
N: [pulseaudio] main.c: 		input:analog-stereo: Analog Stereo Input (priority 60, available: unknown)
N: [pulseaudio] main.c: 		output:analog-stereo: Analog Stereo Output (priority 6000, available: unknown)
N: [pulseaudio] main.c: 		output:analog-stereo+input:analog-stereo: Analog Stereo Duplex (priority 6060, available: unknown)
N: [pulseaudio] main.c: 		off: Off (priority 0, available: unknown)
N: [pulseaudio] main.c: 	active profile: <output:analog-stereo+input:analog-stereo>
N: [pulseaudio] main.c: 	sinks:
N: [pulseaudio] main.c: 		alsa_output.pci-0000_00_1b.0.analog-stereo/#1: Built-in Audio Analog Stereo
N: [pulseaudio] main.c: 	sources:
N: [pulseaudio] main.c: 		alsa_output.pci-0000_00_1b.0.analog-stereo.monitor/#1: Monitor of Built-in Audio Analog Stereo
N: [pulseaudio] main.c: 		alsa_input.pci-0000_00_1b.0.analog-stereo/#2: Built-in Audio Analog Stereo
N: [pulseaudio] main.c: 	ports:
N: [pulseaudio] main.c: 		analog-input-microphone-internal: Internal Microphone (priority 8900, latency offset 0 usec, available: unknown)
N: [pulseaudio] main.c: 			properties:
N: [pulseaudio] main.c: 				device.icon_name = "audio-input-microphone"
N: [pulseaudio] main.c: 		analog-input-microphone: Microphone (priority 8700, latency offset 0 usec, available: no)
N: [pulseaudio] main.c: 			properties:
N: [pulseaudio] main.c: 				device.icon_name = "audio-input-microphone"
N: [pulseaudio] main.c: 		analog-input-microphone-headset: Headset Microphone (priority 8700, latency offset 0 usec, available: no)
N: [pulseaudio] main.c: 			properties:
N: [pulseaudio] main.c: 				device.icon_name = "audio-input-microphone"
N: [pulseaudio] main.c: 		analog-output-speaker: Speakers (priority 10000, latency offset 0 usec, available: unknown)
N: [pulseaudio] main.c: 			properties:
N: [pulseaudio] main.c: 				device.icon_name = "audio-speakers"
N: [pulseaudio] main.c: 		analog-output-headphones: Headphones (priority 9000, latency offset 0 usec, available: no)
N: [pulseaudio] main.c: 			properties:
N: [pulseaudio] main.c: 				device.icon_name = "audio-headphones"
N: [pulseaudio] main.c: 21 module(s) loaded.
N: [pulseaudio] main.c:     index: 0
N: [pulseaudio] main.c: 	name: <module-device-restore>
N: [pulseaudio] main.c: 	argument: <>
N: [pulseaudio] main.c: 	used: -1
N: [pulseaudio] main.c: 	load once: yes
N: [pulseaudio] main.c: 	properties:
N: [pulseaudio] main.c: 		module.author = "Lennart Poettering"
N: [pulseaudio] main.c: 		module.description = "Automatically restore the volume/mute state of devices"
N: [pulseaudio] main.c: 		module.version = "4.0"
N: [pulseaudio] main.c:     index: 1
N: [pulseaudio] main.c: 	name: <module-stream-restore>
N: [pulseaudio] main.c: 	argument: <>
N: [pulseaudio] main.c: 	used: -1
N: [pulseaudio] main.c: 	load once: yes
N: [pulseaudio] main.c: 	properties:
N: [pulseaudio] main.c: 		module.author = "Lennart Poettering"
N: [pulseaudio] main.c: 		module.description = "Automatically restore the volume/mute/device state of streams"
N: [pulseaudio] main.c: 		module.version = "4.0"
N: [pulseaudio] main.c:     index: 2
N: [pulseaudio] main.c: 	name: <module-card-restore>
N: [pulseaudio] main.c: 	argument: <>
N: [pulseaudio] main.c: 	used: -1
N: [pulseaudio] main.c: 	load once: yes
N: [pulseaudio] main.c: 	properties:
N: [pulseaudio] main.c: 		module.author = "Lennart Poettering"
N: [pulseaudio] main.c: 		module.description = "Automatically restore profile of cards"
N: [pulseaudio] main.c: 		module.version = "4.0"
N: [pulseaudio] main.c:     index: 3
N: [pulseaudio] main.c: 	name: <module-augment-properties>
N: [pulseaudio] main.c: 	argument: <>
N: [pulseaudio] main.c: 	used: -1
N: [pulseaudio] main.c: 	load once: yes
N: [pulseaudio] main.c: 	properties:
N: [pulseaudio] main.c: 		module.author = "Lennart Poettering"
N: [pulseaudio] main.c: 		module.description = "Augment the property sets of streams with additional static information"
N: [pulseaudio] main.c: 		module.version = "4.0"
N: [pulseaudio] main.c:     index: 4
N: [pulseaudio] main.c: 	name: <module-switch-on-port-available>
N: [pulseaudio] main.c: 	argument: <>
N: [pulseaudio] main.c: 	used: -1
N: [pulseaudio] main.c: 	load once: no
N: [pulseaudio] main.c: 	properties:
N: [pulseaudio] main.c:     index: 5
N: [pulseaudio] main.c: 	name: <module-alsa-card>
N: [pulseaudio] main.c: 	argument: <device_id="0" name="pci-0000_00_03.0" card_name="alsa_card.pci-0000_00_03.0" namereg_fail=false tsched=yes fixed_latency_range=no ignore_dB=no deferred_volume=yes use_ucm=yes card_properties="module-udev-detect.discovered=1">
N: [pulseaudio] main.c: 	used: 0
N: [pulseaudio] main.c: 	load once: no
N: [pulseaudio] main.c: 	properties:
N: [pulseaudio] main.c: 		module.author = "Lennart Poettering"
N: [pulseaudio] main.c: 		module.description = "ALSA Card"
N: [pulseaudio] main.c: 		module.version = "4.0"
N: [pulseaudio] main.c:     index: 6
N: [pulseaudio] main.c: 	name: <module-alsa-card>
N: [pulseaudio] main.c: 	argument: <device_id="1" name="pci-0000_00_1b.0" card_name="alsa_card.pci-0000_00_1b.0" namereg_fail=false tsched=yes fixed_latency_range=no ignore_dB=no deferred_volume=yes use_ucm=yes card_properties="module-udev-detect.discovered=1">
N: [pulseaudio] main.c: 	used: 0
N: [pulseaudio] main.c: 	load once: no
N: [pulseaudio] main.c: 	properties:
N: [pulseaudio] main.c: 		module.author = "Lennart Poettering"
N: [pulseaudio] main.c: 		module.description = "ALSA Card"
N: [pulseaudio] main.c: 		module.version = "4.0"
N: [pulseaudio] main.c:     index: 7
N: [pulseaudio] main.c: 	name: <module-udev-detect>
N: [pulseaudio] main.c: 	argument: <>
N: [pulseaudio] main.c: 	used: -1
N: [pulseaudio] main.c: 	load once: yes
N: [pulseaudio] main.c: 	properties:
N: [pulseaudio] main.c: 		module.author = "Lennart Poettering"
N: [pulseaudio] main.c: 		module.description = "Detect available audio hardware and load matching drivers"
N: [pulseaudio] main.c: 		module.version = "4.0"
N: [pulseaudio] main.c:     index: 8
N: [pulseaudio] main.c: 	name: <module-bluetooth-policy>
N: [pulseaudio] main.c: 	argument: <>
N: [pulseaudio] main.c: 	used: -1
N: [pulseaudio] main.c: 	load once: yes
N: [pulseaudio] main.c: 	properties:
N: [pulseaudio] main.c: 		module.author = "Frédéric Dalleau"
N: [pulseaudio] main.c: 		module.description = "When a bluetooth sink or source is added, load module-loopback"
N: [pulseaudio] main.c: 		module.version = "4.0"
N: [pulseaudio] main.c:     index: 9
N: [pulseaudio] main.c: 	name: <module-bluetooth-discover>
N: [pulseaudio] main.c: 	argument: <>
N: [pulseaudio] main.c: 	used: -1
N: [pulseaudio] main.c: 	load once: yes
N: [pulseaudio] main.c: 	properties:
N: [pulseaudio] main.c: 		module.author = "Joao Paulo Rechi Vita"
N: [pulseaudio] main.c: 		module.description = "Detect available bluetooth audio devices and load bluetooth audio drivers"
N: [pulseaudio] main.c: 		module.version = "4.0"
N: [pulseaudio] main.c:     index: 10
N: [pulseaudio] main.c: 	name: <module-
N: [pulseaudio] main.c: 2 sink(s) available.
N: [pulseaudio] main.c:     index: 0
N: [pulseaudio] main.c: 	name: <alsa_output.pci-0000_00_03.0.hdmi-stereo>
N: [pulseaudio] main.c: 	driver: <module-alsa-card.c>
N: [pulseaudio] main.c: 	flags: HARDWARE DECIBEL_VOLUME LATENCY DYNAMIC_LATENCY
N: [pulseaudio] main.c: 	state: IDLE
N: [pulseaudio] main.c: 	suspend cause: 
N: [pulseaudio] main.c: 	priority: 9950
N: [pulseaudio] main.c: 	volume: 0: 100% 1: 100%
N: [pulseaudio] main.c: 	        0: 0.00 dB 1: 0.00 dB
N: [pulseaudio] main.c: 	        balance 0.00
N: [pulseaudio] main.c: 	base volume: 100%
N: [pulseaudio] main.c: 	             0.00 dB
N: [pulseaudio] main.c: 	volume steps: 65537
N: [pulseaudio] main.c: 	muted: no
N: [pulseaudio] main.c: 	current latency: 246.84 ms
N: [pulseaudio] main.c: 	max request: 64 KiB
N: [pulseaudio] main.c: 	max rewind: 64 KiB
N: [pulseaudio] main.c: 	monitor source: 0
N: [pulseaudio] main.c: 	sample spec: s16le 2ch 44100Hz
N: [pulseaudio] main.c: 	channel map: front-left,front-right
N: [pulseaudio] main.c: 	             Stereo
N: [pulseaudio] main.c: 	used by: 0
N: [pulseaudio] main.c: 	linked by: 0
N: [pulseaudio] main.c: 	configured latency: 371.52 ms; range is 0.50 .. 371.52 ms
N: [pulseaudio] main.c: 	card: 0 <alsa_card.pci-0000_00_03.0>
N: [pulseaudio] main.c: 	module: 5
N: [pulseaudio] main.c: 	properties:
N: [pulseaudio] main.c: 		alsa.resolution_bits = "16"
N: [pulseaudio] main.c: 		device.api = "alsa"
N: [pulseaudio] main.c: 		device.class = "sound"
N: [pulseaudio] main.c: 		alsa.class = "generic"
N: [pulseaudio] main.c: 		alsa.subclass = "generic-mix"
N: [pulseaudio] main.c: 		alsa.name = "HDMI 0"
N: [pulseaudio] main.c: 		alsa.id = "HDMI 0"
N: [pulseaudio] main.c: 		alsa.subdevice = "0"
N: [pulseaudio] main.c: 		alsa.subdevice_name = "subdevice #0"
N: [pulseaudio] main.c: 		alsa.device = "3"
N: [pulseaudio] main.c: 		alsa.card = "0"
N: [pulseaudio] main.c: 		alsa.card_name = "HDA Intel HDMI"
N: [pulseaudio] main.c: 		alsa.long_card_name = "HDA Intel HDMI at 0xf7a14000 irq 47"
N: [pulseaudio] main.c: 		alsa.driver_name = "snd_hda_intel"
N: [pulseaudio] main.c: 		device.bus_path = "pci-0000:00:03.0"
N: [pulseaudio] main.c: 		sysfs.path = "/devices/pci0000:00/0000:00:03.0/sound/card0"
N: [pulseaudio] main.c: 		device.bus = "pci"
N: [pulseaudio] main.c: 		device.vendor.id = "8086"
N: [pulseaudio] main.c: 		device.vendor.name = "Intel Corporation"
N: [pulseaudio] main.c: 		device.product.id = "0a0c"
N: [pulseaudio] main.c: 		device.form_factor = "internal"
N: [pulseaudio] main.c: 		device.string = "hdmi:0"
N: [pulseaudio] main.c: 		device.buffering.buffer_size = "65536"
N: [pulseaudio] main.c: 		device.buffering.fragment_size = "32768"
N: [pulseaudio] main.c: 		device.access_mode = "mmap+timer"
N: [pulseaudio] main.c: 		device.profile.name = "hdmi-stereo"
N: [pulseaudio] main.c: 		device.profile.description = "Digital Stereo (HDMI)"
N: [pulseaudio] main.c: 		device.description = "Built-in Audio Digital Stereo (HDMI)"
N: [pulseaudio] main.c: 		alsa.mixer_name = "Intel Haswell HDMI"
N: [pulseaudio] main.c: 		alsa.components = "HDA:80862807,80860101,00100000"
N: [pulseaudio] main.c: 		module-udev-detect.discovered = "1"
N: [pulseaudio] main.c: 		device.icon_name = "audio-card-pci"
N: [pulseaudio] main.c: 	ports:
N: [pulseaudio] main.c: 		hdmi-output-0: HDMI / DisplayPort (priority 5900, latency offset 0 usec, available: yes)
N: [pulseaudio] main.c: 			properties:
N: [pulseaudio] main.c: 				device.icon_name = "video-display"
N: [pulseaudio] main.c: 	active port: <hdmi-output-0>
N: [pulseaudio] main.c:   * index: 1
N: [pulseaudio] main.c: 	name: <alsa_output.pci-0000_00_1b.0.analog-stereo>
N: [pulseaudio] main.c: 	driver: <module-alsa-card.c>
N: [pulseaudio] main.c: 	flags: HARDWARE HW_MUTE_CTRL HW_VOLUME_CTRL DECIBEL_VOLUME LATENCY DYNAMIC_LATENCY
N: [pulseaudio] main.c: 	state: IDLE
N: [pulseaudio] main.c: 	suspend cause: 
N: [pulseaudio] main.c: 	priority: 9959
N: [pulseaudio] main.c: 	volume: 0: 100% 1: 100%
N: [pulseaudio] main.c: 	        0: 0.00 dB 1: 0.00 dB
N: [pulseaudio] main.c: 	        balance 0.00
N: [pulseaudio] main.c: 	base volume: 100%
N: [pulseaudio] main.c: 	             0.00 dB
N: [pulseaudio] main.c: 	volume steps: 65537
N: [pulseaudio] main.c: 	muted: no
N: [pulseaudio] main.c: 	current latency: 368.23 ms
N: [pulseaudio] main.c: 	max request: 64 KiB
N: [pulseaudio] main.c: 	max rewind: 64 KiB
N: [pulseaudio] main.c: 	monitor source: 1
N: [pulseaudio] main.c: 	sample spec: s16le 2ch 44100Hz
N: [pulseaudio] main.c: 	channel map: front-left,front-right
N: [pulseaudio] main.c: 	             Stereo
N: [pulseaudio] main.c: 	used by: 0
N: [pulseaudio] main.c: 	linked by: 0
N: [pulseaudio] main.c: 	configured latency: 371.52 ms; range is 0.50 .. 371.52 ms
N: [pulseaudio] main.c: 	card: 1 <alsa_card.pci-0000_00_1b.0>
N: [pulseaudio] main.c: 	module: 6
N: [pulseaudio] main.c: 	properties:
N: [pulseaudio] main.c: 		alsa.resolution_bits = "16"
N: [pulseaudio] main.c: 		device.api = "alsa"
N: [pulseaudio] main.c: 		device.class = "sound"
N: [pulseaudio] main.c: 		alsa.class = "generic"
N: [pulseaudio] main.c: 		alsa.subclass = "generic-mix"
N: [pulseaudio] main.c: 		alsa.name = "ALC3234 Analog"
N: [pulseaudio] main.c: 		alsa.id = "ALC3234 Analog"
N: [pulseaudio] main.c: 		alsa.subdevice = "0"
N: [pulseaudio] main.c: 		alsa.subdevice_name = "subdevice #0"
N: [pulseaudio] main.c: 		alsa.device = "0"
N: [pulseaudio] main.c: 		alsa.card = "1"
N: [pulseaudio] main.c: 		alsa.card_name = "HDA Intel PCH"
N: [pulseaudio] main.c: 		alsa.long_card_name = "HDA Intel PCH at 0xf7a10000 irq 46"
N: [pulseaudio] main.c: 		alsa.driver_name = "snd_hda_intel"
N: [pulseaudio] main.c: 		device.bus_path = "pci-0000:00:1b.0"
N: [pulseaudio] main.c: 		sysfs.path = "/devices/pci0000:00/0000:00:1b.0/sound/card1"
N: [pulseaudio] main.c: 		device.bus = "pci"
N: [pulseaudio] main.c: 		device.vendor.id = "8086"
N: [pulseaudio] main.c: 		device.vendor.name = "Intel Corporation"
N: [pulseaudio] main.c: 		device.product.id = "9c20"
N: [pulseaudio] main.c: 		device.product.name = "Lynx Point-LP HD Audio Controller"
N: [pulseaudio] main.c: 		device.form_factor = "internal"
N: [pulseaudio] main.c: 		device.string = "front:1"
N: [pulseaudio] main.c: 		device.buffering.buffer_size = "65536"
N: [pulseaudio] main.c: 		device.buffering.fragment_size = "32768"
N: [pulseaudio] main.c: 		device.access_mode = "mmap+timer"
N: [pulseaudio] main.c: 		device.profile.name = "analog-stereo"
N: [pulseaudio] main.c: 		device.profile.description = "Analog Stereo"
N: [pulseaudio] main.c: 		device.description = "Built-in Audio Analog Stereo"
N: [pulseaudio] main.c: 		alsa.mixer_name = "Realtek ALC3234"
N: [pulseaudio] main.c: 		alsa.components = "HDA:10ec0255,10280652,00100002"
N: [pulseaudio] main.c: 		module-udev-detect.discovered = "1"
N: [pulseaudio] main.c: 		device.icon_name = "audio-card-pci"
N: [pulseaudio] main.c: 	ports:
N: [pulseaudio] main.c: 		analog-output-speaker: Speakers (priority 10000, latency offset 0 usec, available: unknown)
N: [pulseaudio] main.c: 			properties:
N: [pulseaudio] main.c: 				device.icon_name = "audio-speakers"
N: [pulseaudio] main.c: 		analog-output-headphones: Headphones (priority 9000, latency offset 0 usec, available: no)
N: [pulseaudio] main.c: 			properties:
N: [pulseaudio] main.c: 				device.icon_name = "audio-headphones"
N: [pulseaudio] main.c: 	active port: <analog-output-speaker>
N: [pulseaudio] main.c: 3 source(s) available.
N: [pulseaudio] main.c:     index: 0
N: [pulseaudio] main.c: 	name: <alsa_output.pci-0000_00_03.0.hdmi-stereo.monitor>
N: [pulseaudio] main.c: 	driver: <module-alsa-card.c>
N: [pulseaudio] main.c: 	flags: DECIBEL_VOLUME LATENCY DYNAMIC_LATENCY
N: [pulseaudio] main.c: 	state: IDLE
N: [pulseaudio] main.c: 	suspend cause: 
N: [pulseaudio] main.c: 	priority: 1950
N: [pulseaudio] main.c: 	volume: 0: 100% 1: 100%
N: [pulseaudio] main.c: 	        0: 0.00 dB 1: 0.00 dB
N: [pulseaudio] main.c: 	        balance 0.00
N: [pulseaudio] main.c: 	base volume: 100%
N: [pulseaudio] main.c: 	             0.00 dB
N: [pulseaudio] main.c: 	volume steps: 65537
N: [pulseaudio] main.c: 	muted: no
N: [pulseaudio] main.c: 	current latency: 0.00 ms
N: [pulseaudio] main.c: 	max rewind: 64 KiB
N: [pulseaudio] main.c: 	sample spec: s16le 2ch 44100Hz
N: [pulseaudio] main.c: 	channel map: front-left,front-right
N: [pulseaudio] main.c: 	             Stereo
N: [pulseaudio] main.c: 	used by: 0
N: [pulseaudio] main.c: 	linked by: 0
N: [pulseaudio] main.c: 	configured latency: 371.52 ms; range is 0.50 .. 371.52 ms
N: [pulseaudio] main.c: 	monitor_of: 0
N: [pulseaudio] main.c: 	card: 0 <alsa_card.pci-0000_00_03.0>
N: [pulseaudio] main.c: 	module: 5
N: [pulseaudio] main.c: 	properties:
N: [pulseaudio] main.c: 		device.description = "Monitor of Built-in Audio Digital Stereo (HDMI)"
N: [pulseaudio] main.c: 		device.class = "monitor"
N: [pulseaudio] main.c: 		alsa.card = "0"
N: [pulseaudio] main.c: 		alsa.card_name = "HDA Intel HDMI"
N: [pulseaudio] main.c: 		alsa.long_card_name = "HDA Intel HDMI at 0xf7a14000 irq 47"
N: [pulseaudio] main.c: 		alsa.driver_name = "snd_hda_intel"
N: [pulseaudio] main.c: 		device.bus_path = "pci-0000:00:03.0"
N: [pulseaudio] main.c: 		sysfs.path = "/devices/pci0000:00/0000:00:03.0/sound/card0"
N: [pulseaudio] main.c: 		device.bus = "pci"
N: [pulseaudio] main.c: 		device.vendor.id = "8086"
N: [pulseaudio] main.c: 		device.vendor.name = "Intel Corporation"
N: [pulseaudio] main.c: 		device.product.id = "0a0c"
N: [pulseaudio] main.c: 		device.form_factor = "internal"
N: [pulseaudio] main.c: 		device.string = "0"
N: [pulseaudio] main.c: 		module-udev-detect.discovered = "1"
N: [pulseaudio] main.c: 		device.icon_name = "audio-card-pci"
N: [pulseaudio] main.c:     index: 1
N: [pulseaudio] main.c: 	name: <alsa_output.pci-0000_00_1b.0.analog-stereo.monitor>
N: [pulseaudio] main.c: 	driver: <module-alsa-card.c>
N: [pulseaudio] main.c: 	flags: DECIBEL_VOLUME LATENCY DYNAMIC_LATENCY
N: [pulseaudio] main.c: 	state: IDLE
N: [pulseaudio] main.c: 	suspend cause: 
N: [pulseaudio] main.c: 	priority: 1950
N: [pulseaudio] main.c: 	volume: 0: 100% 1: 100%
N: [pulseaudio] main.c: 	        0: 0.00 dB 1: 0.00 dB
N: [pulseaudio] main.c: 	        balance 0.00
N: [pulseaudio] main.c: 	base volume: 100%
N: [pulseaudio] main.c: 	             0.00 dB
N: [pulseaudio] main.c: 	volume steps: 65537
N: [pulseaudio] main.c: 	muted: no
N: [pulseaudio] main.c: 	current latency: 0.00 ms
N: [pulseaudio] main.c: 	max rewind: 64 KiB
N: [pulseaudio] main.c: 	sample spec: s16le 2ch 44100Hz
N: [pulseaudio] main.c: 	channel map: front-left,front-right
N: [pulseaudio] main.c: 	             Stereo
N: [pulseaudio] main.c: 	used by: 0
N: [pulseaudio] main.c: 	linked by: 0
N: [pulseaudio] main.c: 	configured latency: 371.52 ms; range is 0.50 .. 371.52 ms
N: [pulseaudio] main.c: 	monitor_of: 1
N: [pulseaudio] main.c: 	card: 1 <alsa_card.pci-0000_00_1b.0>
N: [pulseaudio] main.c: 	module: 6
N: [pulseaudio] main.c: 	properties:
N: [pulseaudio] main.c: 		device.description = "Monitor of Built-in Audio Analog Stereo"
N: [pulseaudio] main.c: 		device.class = "monitor"
N: [pulseaudio] main.c: 		alsa.card = "1"
N: [pulseaudio] main.c: 		alsa.card_name = "HDA Intel PCH"
N: [pulseaudio] main.c: 		alsa.long_card_name = "HDA Intel PCH at 0xf7a10000 irq 46"
N: [pulseaudio] main.c: 		alsa.driver_name = "snd_hda_intel"
N: [pulseaudio] main.c: 		device.bus_path = "pci-0000:00:1b.0"
N: [pulseaudio] main.c: 		sysfs.path = "/devices/pci0000:00/0000:00:1b.0/sound/card1"
N: [pulseaudio] main.c: 		device.bus = "pci"
N: [pulseaudio] main.c: 		device.vendor.id = "8086"
N: [pulseaudio] main.c: 		device.vendor.name = "Intel Corporation"
N: [pulseaudio] main.c: 		device.product.id = "9c20"
N: [pulseaudio] main.c: 		device.product.name = "Lynx Point-LP HD Audio Controller"
N: [pulseaudio] main.c: 		device.form_factor = "internal"
N: [pulseaudio] main.c: 		device.string = "1"
N: [pulseaudio] main.c: 		module-udev-detect.discovered = "1"
N: [pulseaudio] main.c: 		device.icon_name = "audio-card-pci"
N: [pulseaudio] main.c:   * index: 2
N: [pulseaudio] main.c: 	name: <alsa_input.pci-0000_00_1b.0.analog-stereo>
N: [pulseaudio] main.c: 	driver: <module-alsa-card.c>
N: [pulseaudio] main.c: 	flags: HARDWARE HW_MUTE_CTRL HW_VOLUME_CTRL DECIBEL_VOLUME LATENCY DYNAMIC_LATENCY
N: [pulseaudio] main.c: 	state: IDLE
N: [pulseaudio] main.c: 	suspend cause: 
N: [pulseaudio] main.c: 	priority: 9959
N: [pulseaudio] main.c: 	volume: 0: 100% 1: 100%
N: [pulseaudio] main.c: 	        0: 0.00 dB 1: 0.00 dB
N: [pulseaudio] main.c: 	        balance 0.00
N: [pulseaudio] main.c: 	base volume:  10%
N: [pulseaudio] main.c: 	             -60.00 dB
N: [pulseaudio] main.c: 	volume steps: 65537
N: [pulseaudio] main.c: 	muted: yes
N: [pulseaudio] main.c: 	current latency: 1.93 ms
N: [pulseaudio] main.c: 	max rewind: 0 KiB
N: [pulseaudio] main.c: 	sample spec: s16le 2ch 44100Hz
N: [pulseaudio] main.c: 	channel map: front-left,front-right
N: [pulseaudio] main.c: 	             Stereo
N: [pulseaudio] main.c: 	used by: 0
N: [pulseaudio] main.c: 	linked by: 0
N: [pulseaudio] main.c: 	configured latency: 371.52 ms; range is 0.50 .. 371.52 ms
N: [pulseaudio] main.c: 	card: 1 <alsa_card.pci-0000_00_1b.0>
N: [pulseaudio] main.c: 	module: 6
N: [pulseaudio] main.c: 	properties:
N: [pulseaudio] main.c: 		alsa.resolution_bits = "16"
N: [pulseaudio] main.c: 		device.api = "alsa"
N: [pulseaudio] main.c: 		device.class = "sound"
N: [pulseaudio] main.c: 		alsa.class = "generic"
N: [pulseaudio] main.c: 		alsa.subclass = "generic-mix"
N: [pulseaudio] main.c: 		alsa.name = "ALC3234 Analog"
N: [pulseaudio] main.c: 		alsa.id = "ALC3234 Analog"
N: [pulseaudio] main.c: 		alsa.subdevice = "0"
N: [pulseaudio] main.c: 		alsa.subdevice_name = "subdevice #0"
N: [pulseaudio] main.c: 		alsa.device = "0"
N: [pulseaudio] main.c: 		alsa.card = "1"
N: [pulseaudio] main.c: 		alsa.card_name = "HDA Intel PCH"
N: [pulseaudio] main.c: 		alsa.long_card_name = "HDA Intel PCH at 0xf7a10000 irq 46"
N: [pulseaudio] main.c: 		alsa.driver_name = "snd_hda_intel"
N: [pulseaudio] main.c: 		device.bus_path = "pci-0000:00:1b.0"
N: [pulseaudio] main.c: 		sysfs.path = "/devices/pci0000:00/0000:00:1b.0/sound/card1"
N: [pulseaudio] main.c: 		device.bus = "pci"
N: [pulseaudio] main.c: 		device.vendor.id = "8086"
N: [pulseaudio] main.c: 		device.vendor.name = "Intel Corporation"
N: [pulseaudio] main.c: 		device.product.id = "9c20"
N: [pulseaudio] main.c: 		device.product.name = "Lynx Point-LP HD Audio Controller"
N: [pulseaudio] main.c: 		device.form_factor = "internal"
N: [pulseaudio] main.c: 		device.string = "front:1"
N: [pulseaudio] main.c: 		device.buffering.buffer_size = "65536"
N: [pulseaudio] main.c: 		device.buffering.fragment_size = "32768"
N: [pulseaudio] main.c: 		device.access_mode = "mmap+timer"
N: [pulseaudio] main.c: 		device.profile.name = "analog-stereo"
N: [pulseaudio] main.c: 		device.profile.description = "Analog Stereo"
N: [pulseaudio] main.c: 		device.description = "Built-in Audio Analog Stereo"
N: [pulseaudio] main.c: 		alsa.mixer_name = "Realtek ALC3234"
N: [pulseaudio] main.c: 		alsa.components = "HDA:10ec0255,10280652,00100002"
N: [pulseaudio] main.c: 		module-udev-detect.discovered = "1"
N: [pulseaudio] main.c: 		device.icon_name = "audio-card-pci"
N: [pulseaudio] main.c: 	ports:
N: [pulseaudio] main.c: 		analog-input-microphone-internal: Internal Microphone (priority 8900, latency offset 0 usec, available: unknown)
N: [pulseaudio] main.c: 			properties:
N: [pulseaudio] main.c: 				device.icon_name = "audio-input-microphone"
N: [pulseaudio] main.c: 		analog-input-microphone: Microphone (priority 8700, latency offset 0 usec, available: no)
N: [pulseaudio] main.c: 			properties:
N: [pulseaudio] main.c: 				device.icon_name = "audio-input-microphone"
N: [pulseaudio] main.c: 		analog-input-microphone-headset: Headset Microphone (priority 8700, latency offset 0 usec, available: no)
N: [pulseaudio] main.c: 			properties:
N: [pulseaudio] main.c: 				device.icon_name = "audio-input-microphone"
N: [pulseaudio] main.c: 	active port: <analog-input-microphone-internal>
N: [pulseaudio] main.c: 0 sink input(s) available.
N: [pulseaudio] main.c: 0 source outputs(s) available.
N: [pulseaudio] main.c: 2 client(s) logged in.
N: [pulseaudio] main.c:     index: 0
N: [pulseaudio] main.c: 	driver: <module-systemd-login.c>
N: [pulseaudio] main.c: 	owner module: 16
N: [pulseaudio] main.c: 	properties:
N: [pulseaudio] main.c: 		application.name = "Login Session c1"
N: [pulseaudio] main.c: 		systemd-login.session = "c1"
N: [pulseaudio] main.c:     index: 1
N: [pulseaudio] main.c: 	driver: <protocol-native.c>
N: [pulseaudio] main.c: 	owner module: 20
N: [pulseaudio] main.c: 	properties:
N: [pulseaudio] main.c: 		application.name = "Ubuntu Audio Settings"
N: [pulseaudio] main.c: 		native-protocol.peer = "TCP/IP client from 127.0.0.1:42977"
N: [pulseaudio] main.c: 		native-protocol.version = "28"
N: [pulseaudio] main.c: 		application.id = "com.canonical.settings.sound"
N: [pulseaudio] main.c: 		application.icon_name = "multimedia-volume-control"
N: [pulseaudio] main.c: 		application.version = "0.1"
N: [pulseaudio] main.c: 		application.process.id = "2388"
N: [pulseaudio] main.c: 		application.process.user = "shivesh"
N: [pulseaudio] main.c: 		application.process.host = "shivesh-Inspiron-3542"
N: [pulseaudio] main.c: 		application.process.binary = "indicator-sound-service"
N: [pulseaudio] main.c: 		application.language = "en_IN"
N: [pulseaudio] main.c: 		window.x11.display = ":0"
N: [pulseaudio] main.c: 		application.process.machine_id = "dde57f7ce03e9d55fa1267e957888e8c"
N: [pulseaudio] main.c: 		application.process.session_id = "c1"
N: [pulseaudio] main.c: 2 card(s) available.
N: [pulseaudio] main.c:     index: 0
N: [pulseaudio] main.c: 	name: <alsa_card.pci-0000_00_03.0>
N: [pulseaudio] main.c: 	driver: <module-alsa-card.c>
N: [pulseaudio] main.c: 	owner module: 5
N: [pulseaudio] main.c: 	properties:
N: [pulseaudio] main.c: 		alsa.card = "0"
N: [pulseaudio] main.c: 		alsa.card_name = "HDA Intel HDMI"
N: [pulseaudio] main.c: 		alsa.long_card_name = "HDA Intel HDMI at 0xf7a14000 irq 47"
N: [pulseaudio] main.c: 		alsa.driver_name = "snd_hda_intel"
N: [pulseaudio] main.c: 		device.bus_path = "pci-0000:00:03.0"
N: [pulseaudio] main.c: 		sysfs.path = "/devices/pci0000:00/0000:00:03.0/sound/card0"
N: [pulseaudio] main.c: 		device.bus = "pci"
N: [pulseaudio] main.c: 		device.vendor.id = "8086"
N: [pulseaudio] main.c: 		device.vendor.name = "Intel Corporation"
N: [pulseaudio] main.c: 		device.product.id = "0a0c"
N: [pulseaudio] main.c: 		device.form_factor = "internal"
N: [pulseaudio] main.c: 		device.string = "0"
N: [pulseaudio] main.c: 		device.description = "Built-in Audio"
N: [pulseaudio] main.c: 		module-udev-detect.discovered = "1"
N: [pulseaudio] main.c: 		device.icon_name = "audio-card-pci"
N: [pulseaudio] main.c: 	profiles:
N: [pulseaudio] main.c: 		output:hdmi-stereo: Digital Stereo (HDMI) Output (priority 5400, available: unknown)
N: [pulseaudio] main.c: 		output:hdmi-surround: Digital Surround 5.1 (HDMI) Output (priority 300, available: unknown)
N: [pulseaudio] main.c: 		off: Off (priority 0, available: unknown)
N: [pulseaudio] main.c: 	active profile: <output:hdmi-stereo>
N: [pulseaudio] main.c: 	sinks:
N: [pulseaudio] main.c: 		alsa_output.pci-0000_00_03.0.hdmi-stereo/#0: Built-in Audio Digital Stereo (HDMI)
N: [pulseaudio] main.c: 	sources:
N: [pulseaudio] main.c: 		alsa_output.pci-0000_00_03.0.hdmi-stereo.monitor/#0: Monitor of Built-in Audio Digital Stereo (HDMI)
N: [pulseaudio] main.c: 	ports:
N: [pulseaudio] main.c: 		hdmi-output-0: HDMI / DisplayPort (priority 5900, latency offset 0 usec, available: yes)
N: [pulseaudio] main.c: 			properties:
N: [pulseaudio] main.c: 				device.icon_name = "video-display"
N: [pulseaudio] main.c:     index: 1
N: [pulseaudio] main.c: 	name: <alsa_card.pci-0000_00_1b.0>
N: [pulseaudio] main.c: 	driver: <module-alsa-card.c>
N: [pulseaudio] main.c: 	owner module: 6
N: [pulseaudio] main.c: 	properties:
N: [pulseaudio] main.c: 		alsa.card = "1"
N: [pulseaudio] main.c: 		alsa.card_name = "HDA Intel PCH"
N: [pulseaudio] main.c: 		alsa.long_card_name = "HDA Intel PCH at 0xf7a10000 irq 46"
N: [pulseaudio] main.c: 		alsa.driver_name = "snd_hda_intel"
N: [pulseaudio] main.c: 		device.bus_path = "pci-0000:00:1b.0"
N: [pulseaudio] main.c: 		sysfs.path = "/devices/pci0000:00/0000:00:1b.0/sound/card1"
N: [pulseaudio] main.c: 		device.bus = "pci"
N: [pulseaudio] main.c: 		device.vendor.id = "8086"
N: [pulseaudio] main.c: 		device.vendor.name = "Intel Corporation"
N: [pulseaudio] main.c: 		device.product.id = "9c20"
N: [pulseaudio] main.c: 		device.product.name = "Lynx Point-LP HD Audio Controller"
N: [pulseaudio] main.c: 		device.form_factor = "internal"
N: [pulseaudio] main.c: 		device.string = "1"
N: [pulseaudio] main.c: 		device.description = "Built-in Audio"
N: [pulseaudio] main.c: 		module-udev-detect.discovered = "1"
N: [pulseaudio] main.c: 		device.icon_name = "audio-card-pci"
N: [pulseaudio] main.c: 	profiles:
N: [pulseaudio] main.c: 		input:analog-stereo: Analog Stereo Input (priority 60, available: unknown)
N: [pulseaudio] main.c: 		output:analog-stereo: Analog Stereo Output (priority 6000, available: unknown)
N: [pulseaudio] main.c: 		output:analog-stereo+input:analog-stereo: Analog Stereo Duplex (priority 6060, available: unknown)
N: [pulseaudio] main.c: 		off: Off (priority 0, available: unknown)
N: [pulseaudio] main.c: 	active profile: <output:analog-stereo+input:analog-stereo>
N: [pulseaudio] main.c: 	sinks:
N: [pulseaudio] main.c: 		alsa_output.pci-0000_00_1b.0.analog-stereo/#1: Built-in Audio Analog Stereo
N: [pulseaudio] main.c: 	sources:
N: [pulseaudio] main.c: 		alsa_output.pci-0000_00_1b.0.analog-stereo.monitor/#1: Monitor of Built-in Audio Analog Stereo
N: [pulseaudio] main.c: 		alsa_input.pci-0000_00_1b.0.analog-stereo/#2: Built-in Audio Analog Stereo
N: [pulseaudio] main.c: 	ports:
N: [pulseaudio] main.c: 		analog-input-microphone-internal: Internal Microphone (priority 8900, latency offset 0 usec, available: unknown)
N: [pulseaudio] main.c: 			properties:
N: [pulseaudio] main.c: 				device.icon_name = "audio-input-microphone"
N: [pulseaudio] main.c: 		analog-input-microphone: Microphone (priority 8700, latency offset 0 usec, available: no)
N: [pulseaudio] main.c: 			properties:
N: [pulseaudio] main.c: 				device.icon_name = "audio-input-microphone"
N: [pulseaudio] main.c: 		analog-input-microphone-headset: Headset Microphone (priority 8700, latency offset 0 usec, available: no)
N: [pulseaudio] main.c: 			properties:
N: [pulseaudio] main.c: 				device.icon_name = "audio-input-microphone"
N: [pulseaudio] main.c: 		analog-output-speaker: Speakers (priority 10000, latency offset 0 usec, available: unknown)
N: [pulseaudio] main.c: 			properties:
N: [pulseaudio] main.c: 				device.icon_name = "audio-speakers"
N: [pulseaudio] main.c: 		analog-output-headphones: Headphones (priority 9000, latency offset 0 usec, available: no)
N: [pulseaudio] main.c: 			properties:
N: [pulseaudio] main.c: 				device.icon_name = "audio-headphones"
N: [pulseaudio] main.c: 21 module(s) loaded.
N: [pulseaudio] main.c:     index: 0
N: [pulseaudio] main.c: 	name: <module-device-restore>
N: [pulseaudio] main.c: 	argument: <>
N: [pulseaudio] main.c: 	used: -1
N: [pulseaudio] main.c: 	load once: yes
N: [pulseaudio] main.c: 	properties:
N: [pulseaudio] main.c: 		module.author = "Lennart Poettering"
N: [pulseaudio] main.c: 		module.description = "Automatically restore the volume/mute state of devices"
N: [pulseaudio] main.c: 		module.version = "4.0"
N: [pulseaudio] main.c:     index: 1
N: [pulseaudio] main.c: 	name: <module-stream-restore>
N: [pulseaudio] main.c: 	argument: <>
N: [pulseaudio] main.c: 	used: -1
N: [pulseaudio] main.c: 	load once: yes
N: [pulseaudio] main.c: 	properties:
N: [pulseaudio] main.c: 		module.author = "Lennart Poettering"
N: [pulseaudio] main.c: 		module.description = "Automatically restore the volume/mute/device state of streams"
N: [pulseaudio] main.c: 		module.version = "4.0"
N: [pulseaudio] main.c:     index: 2
N: [pulseaudio] main.c: 	name: <module-card-restore>
N: [pulseaudio] main.c: 	argument: <>
N: [pulseaudio] main.c: 	used: -1
N: [pulseaudio] main.c: 	load once: yes
N: [pulseaudio] main.c: 	properties:
N: [pulseaudio] main.c: 		module.author = "Lennart Poettering"
N: [pulseaudio] main.c: 		module.description = "Automatically restore profile of cards"
N: [pulseaudio] main.c: 		module.version = "4.0"
N: [pulseaudio] main.c:     index: 3
N: [pulseaudio] main.c: 	name: <module-augment-properties>
N: [pulseaudio] main.c: 	argument: <>
N: [pulseaudio] main.c: 	used: -1
N: [pulseaudio] main.c: 	load once: yes
N: [pulseaudio] main.c: 	properties:
N: [pulseaudio] main.c: 		module.author = "Lennart Poettering"
N: [pulseaudio] main.c: 		module.description = "Augment the property sets of streams with additional static information"
N: [pulseaudio] main.c: 		module.version = "4.0"
N: [pulseaudio] main.c:     index: 4
N: [pulseaudio] main.c: 	name: <module-switch-on-port-available>
N: [pulseaudio] main.c: 	argument: <>
N: [pulseaudio] main.c: 	used: -1
N: [pulseaudio] main.c: 	load once: no
N: [pulseaudio] main.c: 	properties:
N: [pulseaudio] main.c:     index: 5
N: [pulseaudio] main.c: 	name: <module-alsa-card>
N: [pulseaudio] main.c: 	argument: <device_id="0" name="pci-0000_00_03.0" card_name="alsa_card.pci-0000_00_03.0" namereg_fail=false tsched=yes fixed_latency_range=no ignore_dB=no deferred_volume=yes use_ucm=yes card_properties="module-udev-detect.discovered=1">
N: [pulseaudio] main.c: 	used: 0
N: [pulseaudio] main.c: 	load once: no
N: [pulseaudio] main.c: 	properties:
N: [pulseaudio] main.c: 		module.author = "Lennart Poettering"
N: [pulseaudio] main.c: 		module.description = "ALSA Card"
N: [pulseaudio] main.c: 		module.version = "4.0"
N: [pulseaudio] main.c:     index: 6
N: [pulseaudio] main.c: 	name: <module-alsa-card>
N: [pulseaudio] main.c: 	argument: <device_id="1" name="pci-0000_00_1b.0" card_name="alsa_card.pci-0000_00_1b.0" namereg_fail=false tsched=yes fixed_latency_range=no ignore_dB=no deferred_volume=yes use_ucm=yes card_properties="module-udev-detect.discovered=1">
N: [pulseaudio] main.c: 	used: 0
N: [pulseaudio] main.c: 	load once: no
N: [pulseaudio] main.c: 	properties:
N: [pulseaudio] main.c: 		module.author = "Lennart Poettering"
N: [pulseaudio] main.c: 		module.description = "ALSA Card"
N: [pulseaudio] main.c: 		module.version = "4.0"
N: [pulseaudio] main.c:     index: 7
N: [pulseaudio] main.c: 	name: <module-udev-detect>
N: [pulseaudio] main.c: 	argument: <>
N: [pulseaudio] main.c: 	used: -1
N: [pulseaudio] main.c: 	load once: yes
N: [pulseaudio] main.c: 	properties:
N: [pulseaudio] main.c: 		module.author = "Lennart Poettering"
N: [pulseaudio] main.c: 		module.description = "Detect available audio hardware and load matching drivers"
N: [pulseaudio] main.c: 		module.version = "4.0"
N: [pulseaudio] main.c:     index: 8
N: [pulseaudio] main.c: 	name: <module-bluetooth-policy>
N: [pulseaudio] main.c: 	argument: <>
N: [pulseaudio] main.c: 	used: -1
N: [pulseaudio] main.c: 	load once: yes
N: [pulseaudio] main.c: 	properties:
N: [pulseaudio] main.c: 		module.author = "Frédéric Dalleau"
N: [pulseaudio] main.c: 		module.description = "When a bluetooth sink or source is added, load module-loopback"
N: [pulseaudio] main.c: 		module.version = "4.0"
N: [pulseaudio] main.c:     index: 9
N: [pulseaudio] main.c: 	name: <module-bluetooth-discover>
N: [pulseaudio] main.c: 	argument: <>
N: [pulseaudio] main.c: 	used: -1
N: [pulseaudio] main.c: 	load once: yes
N: [pulseaudio] main.c: 	properties:
N: [pulseaudio] main.c: 		module.author = "Joao Paulo Rechi Vita"
N: [pulseaudio] main.c: 		module.description = "Detect available bluetooth audio devices and load bluetooth audio drivers"
N: [pulseaudio] main.c: 		module.version = "4.0"
N: [pulseaudio] main.c:     index: 10
N: [pulseaudio] main.c: 	name: <module-
